<?xml version="1.0" encoding="UTF-8"?>
<!-- Generated by org.testng.reporters.JUnitReportReporter -->
<testsuite skipped="0" hostname="LAPTOP-7BGC73VB" name="com.reobeen.qa.testcase.HomeTest" tests="6" failures="0" timestamp="2021-09-21T15:30:58 IST" time="30.984" errors="0">
  <testcase name="verifySignIn" time="12.576" classname="com.reobeen.qa.testcase.HomeTest"/>
  <system-out/>
  <testcase name="verifyPageLogo" time="0.038" classname="com.reobeen.qa.testcase.HomeTest"/>
  <system-out/>
  <testcase name="verifyInfoCheck" time="0.194" classname="com.reobeen.qa.testcase.HomeTest"/>
  <system-out/>
  <testcase name="verifyPosWalkInCustomerDetails" time="13.236" classname="com.reobeen.qa.testcase.HomeTest"/>
  <system-out/>
  <testcase name="verifySearchBrandAvailability" time="1.517" classname="com.reobeen.qa.testcase.HomeTest"/>
  <system-out/>
  <testcase name="verifyDoSignout" time="3.423" classname="com.reobeen.qa.testcase.HomeTest"/>
  <system-out/>
</testsuite> <!-- com.reobeen.qa.testcase.HomeTest -->
