<?xml version="1.0" encoding="UTF-8"?>
<!-- Generated by org.testng.reporters.JUnitReportReporter -->
<testsuite skipped="0" hostname="LAPTOP-7BGC73VB" name="com.reobeen.qa.testcase.ProductTest" tests="9" failures="0" timestamp="2021-09-21T15:46:39 IST" time="84.562" errors="0">
  <testcase name="verifyProductListDetails" time="42.083" classname="com.reobeen.qa.testcase.ProductTest"/>
  <system-out/>
  <testcase name="addNewProduct" time="14.847" classname="com.reobeen.qa.testcase.ProductTest"/>
  <system-out/>
  <testcase name="verifyEditProductDetails" time="7.483" classname="com.reobeen.qa.testcase.ProductTest"/>
  <system-out/>
  <testcase name="verifyImportToCsv" time="3.591" classname="com.reobeen.qa.testcase.ProductTest"/>
  <system-out/>
  <testcase name="VerifyImportToExcel" time="1.066" classname="com.reobeen.qa.testcase.ProductTest"/>
  <system-out/>
  <testcase name="verifyImportToPdf" time="3.301" classname="com.reobeen.qa.testcase.ProductTest"/>
  <system-out/>
  <testcase name="verifyVisibilityOfColoumn" time="0.350" classname="com.reobeen.qa.testcase.ProductTest"/>
  <system-out/>
  <testcase name="verifyUnitLink" time="8.949" classname="com.reobeen.qa.testcase.ProductTest"/>
  <system-out/>
  <testcase name="verifyUnitEditDetails" time="2.892" classname="com.reobeen.qa.testcase.ProductTest"/>
  <system-out/>
</testsuite> <!-- com.reobeen.qa.testcase.ProductTest -->
