<?xml version="1.0" encoding="UTF-8"?>
<!-- Generated by org.testng.reporters.JUnitReportReporter -->
<testsuite hostname="LAPTOP-7BGC73VB" failures="0" tests="2" name="com.reobeen.qa.testcase.LogoutTest" time="19.025" errors="0" timestamp="2021-09-12T11:13:07 IST" skipped="0">
  <testcase classname="com.reobeen.qa.testcase.LogoutTest" name="verifyLogout" time="18.413"/>
  <system-out/>
  <testcase classname="com.reobeen.qa.testcase.LogoutTest" name="verifyDetailsOfpage" time="0.612"/>
  <system-out/>
</testsuite> <!-- com.reobeen.qa.testcase.LogoutTest -->
